0 info it worked if it ends with ok
1 verbose cli [ '/Users/scottsword/.nvm/v0.10.36/bin/node',
1 verbose cli   '/Users/scottsword/.nvm/v0.10.36/bin/npm',
1 verbose cli   'publish' ]
2 info using npm@1.4.28
3 info using node@v0.10.36
4 verbose publish [ '.' ]
5 verbose cache add [ '.', null ]
6 verbose cache add name=undefined spec="." args=[".",null]
7 verbose parsed url { protocol: null,
7 verbose parsed url   slashes: null,
7 verbose parsed url   auth: null,
7 verbose parsed url   host: null,
7 verbose parsed url   port: null,
7 verbose parsed url   hostname: null,
7 verbose parsed url   hash: null,
7 verbose parsed url   search: null,
7 verbose parsed url   query: null,
7 verbose parsed url   pathname: '.',
7 verbose parsed url   path: '.',
7 verbose parsed url   href: '.' }
8 silly lockFile 3a52ce78- .
9 verbose lock . /Users/scottsword/.npm/3a52ce78-.lock
10 verbose tar pack [ '/Users/scottsword/.npm/ng-infinite-scroll/1.2.4/package.tgz',
10 verbose tar pack   '.' ]
11 verbose tarball /Users/scottsword/.npm/ng-infinite-scroll/1.2.4/package.tgz
12 verbose folder .
13 info prepublish ng-infinite-scroll@1.2.4
14 silly lockFile 1f1177db-tar tar://.
15 verbose lock tar://. /Users/scottsword/.npm/1f1177db-tar.lock
16 silly lockFile 380e761d-nfinite-scroll-1-2-4-package-tgz tar:///Users/scottsword/.npm/ng-infinite-scroll/1.2.4/package.tgz
17 verbose lock tar:///Users/scottsword/.npm/ng-infinite-scroll/1.2.4/package.tgz /Users/scottsword/.npm/380e761d-nfinite-scroll-1-2-4-package-tgz.lock
18 silly lockFile 1f1177db-tar tar://.
19 silly lockFile 1f1177db-tar tar://.
20 silly lockFile 380e761d-nfinite-scroll-1-2-4-package-tgz tar:///Users/scottsword/.npm/ng-infinite-scroll/1.2.4/package.tgz
21 silly lockFile 380e761d-nfinite-scroll-1-2-4-package-tgz tar:///Users/scottsword/.npm/ng-infinite-scroll/1.2.4/package.tgz
22 silly lockFile 4d135cc0-ng-infinite-scroll-1-2-4-package /Users/scottsword/.npm/ng-infinite-scroll/1.2.4/package
23 verbose lock /Users/scottsword/.npm/ng-infinite-scroll/1.2.4/package /Users/scottsword/.npm/4d135cc0-ng-infinite-scroll-1-2-4-package.lock
24 silly lockFile 4d135cc0-ng-infinite-scroll-1-2-4-package /Users/scottsword/.npm/ng-infinite-scroll/1.2.4/package
25 silly lockFile 4d135cc0-ng-infinite-scroll-1-2-4-package /Users/scottsword/.npm/ng-infinite-scroll/1.2.4/package
26 silly lockFile 3a52ce78- .
27 silly lockFile 3a52ce78- .
28 silly publish { name: 'ng-infinite-scroll',
28 silly publish   version: '1.2.4',
28 silly publish   description: 'Infinite scrolling for AngularJS',
28 silly publish   repository:
28 silly publish    { type: 'git',
28 silly publish      url: 'git://github.com/sroze/ngInfiniteScroll.git' },
28 silly publish   main: 'build/ng-infinite-scroll.js',
28 silly publish   browser: 'build/ng-infinite-scroll.js',
28 silly publish   scripts: { test: 'grunt test:protractor-local' },
28 silly publish   author:
28 silly publish    { name: 'Brandon Tilley',
28 silly publish      email: 'brandon@brandontilley.com',
28 silly publish      url: 'http://brandontilley.com' },
28 silly publish   contributors:
28 silly publish    [ { name: 'Samuel ROZE',
28 silly publish        email: 'samuel.roze@gmail.com',
28 silly publish        url: 'http://sroze.io' } ],
28 silly publish   license: 'MIT',
28 silly publish   readmeFilename: 'README.md',
28 silly publish   devDependencies:
28 silly publish    { 'coffee-script': '~1.8.0',
28 silly publish      grunt: '~0.4.5',
28 silly publish      'grunt-coffeelint': '~0.0.13',
28 silly publish      'grunt-contrib-clean': '~0.6.0',
28 silly publish      'grunt-contrib-coffee': '~0.12.0',
28 silly publish      'grunt-contrib-concat': '~0.5.0',
28 silly publish      'grunt-contrib-connect': '0.8.0',
28 silly publish      'grunt-contrib-uglify': '~0.6.0',
28 silly publish      'grunt-protractor-runner': '1.1.4',
28 silly publish      mkdirp: '0.5.0',
28 silly publish      protractor: '1.4.0',
28 silly publish      'sauce-connect-launcher': '0.9.0' },
28 silly publish   readme: 'This is a fork of the ngInfiniteScroll that plays nicely with Protractor. For the official docs head [here](https://github.com/sroze/ngInfiniteScroll).\n',
28 silly publish   gitHead: '65588cfdfc4849f93b3d556bd15d1a1aeb05fbc0',
28 silly publish   bugs: { url: 'https://github.com/sroze/ngInfiniteScroll/issues' },
28 silly publish   homepage: 'https://github.com/sroze/ngInfiniteScroll',
28 silly publish   _id: 'ng-infinite-scroll@1.2.4',
28 silly publish   _shasum: '28b21bc174d0b4459549afa14f400364ece01838',
28 silly publish   _from: '.' }
29 verbose request where is /ng-infinite-scroll
30 verbose request registry https://registry.npmjs.org/
31 verbose request id 93d842a9dd909b6a
32 verbose url raw /ng-infinite-scroll
33 verbose url resolving [ 'https://registry.npmjs.org/', './ng-infinite-scroll' ]
34 verbose url resolved https://registry.npmjs.org/ng-infinite-scroll
35 verbose request where is https://registry.npmjs.org/ng-infinite-scroll
36 info trying registry request attempt 1 at 14:19:09
37 http PUT https://registry.npmjs.org/ng-infinite-scroll
38 http 403 https://registry.npmjs.org/ng-infinite-scroll
39 verbose headers { 'content-type': 'application/json',
39 verbose headers   'cache-control': 'max-age=300',
39 verbose headers   'content-length': '110',
39 verbose headers   'accept-ranges': 'bytes',
39 verbose headers   date: 'Thu, 28 Jan 2016 21:19:09 GMT',
39 verbose headers   via: '1.1 varnish',
39 verbose headers   connection: 'keep-alive',
39 verbose headers   'x-served-by': 'cache-lax1427-LAX',
39 verbose headers   'x-cache': 'MISS',
39 verbose headers   'x-cache-hits': '0',
39 verbose headers   'x-timer': 'S1454015949.395003,VS0,VE233' }
40 error publish Failed PUT 403
41 error Error: You do not have permission to publish 'ng-infinite-scroll'. Are you logged in as the correct user? : ng-infinite-scroll
41 error     at RegClient.<anonymous> (/Users/scottsword/.nvm/v0.10.36/lib/node_modules/npm/node_modules/npm-registry-client/lib/request.js:308:14)
41 error     at Request._callback (/Users/scottsword/.nvm/v0.10.36/lib/node_modules/npm/node_modules/npm-registry-client/lib/request.js:246:65)
41 error     at Request.self.callback (/Users/scottsword/.nvm/v0.10.36/lib/node_modules/npm/node_modules/request/request.js:236:22)
41 error     at Request.emit (events.js:98:17)
41 error     at Request.<anonymous> (/Users/scottsword/.nvm/v0.10.36/lib/node_modules/npm/node_modules/request/request.js:1142:14)
41 error     at Request.emit (events.js:117:20)
41 error     at IncomingMessage.<anonymous> (/Users/scottsword/.nvm/v0.10.36/lib/node_modules/npm/node_modules/request/request.js:1096:12)
41 error     at IncomingMessage.emit (events.js:117:20)
41 error     at _stream_readable.js:944:16
41 error     at process._tickCallback (node.js:442:13)
42 error If you need help, you may report this *entire* log,
42 error including the npm and node versions, at:
42 error     <http://github.com/npm/npm/issues>
43 error System Darwin 15.0.0
44 error command "/Users/scottsword/.nvm/v0.10.36/bin/node" "/Users/scottsword/.nvm/v0.10.36/bin/npm" "publish"
45 error cwd /Users/scottsword/temp/tpInfiniteScroll
46 error node -v v0.10.36
47 error npm -v 1.4.28
48 verbose exit [ 1, true ]
